app/build/intermediates/manifest_merge_blame_file/debug/manifest-merger-blame-debug-report.txt
1<?xml version="1.0" encoding="utf-8"?>
2<manifest xmlns:android="http://schemas.android.com/apk/res/android"
3    package="com.generalmobile.app.odev"
4    android:versionCode="1"
5    android:versionName="1.0.0" >
6
7    <uses-sdk
8        android:minSdkVersion="19"
8-->src\main\AndroidManifest.xml
9        android:targetSdkVersion="28" />
9-->src\main\AndroidManifest.xml
10
11    <uses-permission android:name="android.permission.INTERNET" />
11-->src\main\AndroidManifest.xml:5:5-67
11-->src\main\AndroidManifest.xml:5:22-64
12
13    <application
13-->src\main\AndroidManifest.xml:7:5-30:19
14        android:name="com.generalmobile.app.odev.App"
14-->src\main\AndroidManifest.xml:8:9-28
15        android:allowBackup="true"
15-->src\main\AndroidManifest.xml:9:9-35
16        android:appComponentFactory="androidx.core.app.CoreComponentFactory"
16-->[androidx.core:core:1.1.0] AndroidManifest.xml:24:18-86
17        android:debuggable="true"
18        android:icon="@mipmap/ic_launcher"
18-->src\main\AndroidManifest.xml:10:9-43
19        android:label="@string/app_name"
19-->src\main\AndroidManifest.xml:11:9-41
20        android:supportsRtl="true"
20-->src\main\AndroidManifest.xml:12:9-35
21        android:testOnly="true"
22        android:theme="@style/AppTheme"
22-->src\main\AndroidManifest.xml:14:9-40
23        android:usesCleartextTraffic="true" >
23-->src\main\AndroidManifest.xml:13:9-44
24        <activity
24-->src\main\AndroidManifest.xml:16:9-25:20
25            android:name="com.generalmobile.app.odev.ui.main.dashboard.DashboardActivity"
25-->src\main\AndroidManifest.xml:17:13-64
26            android:label="@string/app_name"
26-->src\main\AndroidManifest.xml:18:13-45
27            android:theme="@style/AppTheme" >
27-->src\main\AndroidManifest.xml:19:13-44
28            <intent-filter>
28-->src\main\AndroidManifest.xml:20:13-24:29
29                <action android:name="android.intent.action.MAIN" />
29-->src\main\AndroidManifest.xml:21:17-69
29-->src\main\AndroidManifest.xml:21:25-66
30
31                <category android:name="android.intent.category.LAUNCHER" />
31-->src\main\AndroidManifest.xml:23:17-77
31-->src\main\AndroidManifest.xml:23:27-74
32            </intent-filter>
33        </activity>
34        <activity android:name="com.generalmobile.app.odev.ui.main.MainActivity" /> <!-- TODO:put your fabric api key here -->
34-->src\main\AndroidManifest.xml:26:9-58
34-->src\main\AndroidManifest.xml:26:19-55
35        <meta-data
35-->src\main\AndroidManifest.xml:27:9-29:32
36            android:name="io.fabric.ApiKey"
36-->src\main\AndroidManifest.xml:28:13-44
37            android:value="" />
37-->src\main\AndroidManifest.xml:29:13-29
38
39        <provider
39-->[com.crashlytics.sdk.android:crashlytics:2.9.4] AndroidManifest.xml:12:9-16:39
40            android:name="com.crashlytics.android.CrashlyticsInitProvider"
40-->[com.crashlytics.sdk.android:crashlytics:2.9.4] AndroidManifest.xml:13:13-75
41            android:authorities="com.generalmobile.app.odev.crashlyticsinitprovider"
41-->[com.crashlytics.sdk.android:crashlytics:2.9.4] AndroidManifest.xml:14:13-75
42            android:exported="false"
42-->[com.crashlytics.sdk.android:crashlytics:2.9.4] AndroidManifest.xml:15:13-37
43            android:initOrder="100" />
43-->[com.crashlytics.sdk.android:crashlytics:2.9.4] AndroidManifest.xml:16:13-36
44        <provider
44-->[com.squareup.picasso:picasso:2.71828] AndroidManifest.xml:8:9-11:40
45            android:name="com.squareup.picasso.PicassoProvider"
45-->[com.squareup.picasso:picasso:2.71828] AndroidManifest.xml:9:13-64
46            android:authorities="com.generalmobile.app.odev.com.squareup.picasso"
46-->[com.squareup.picasso:picasso:2.71828] AndroidManifest.xml:10:13-72
47            android:exported="false" />
47-->[com.squareup.picasso:picasso:2.71828] AndroidManifest.xml:11:13-37
48        <provider
48-->[androidx.lifecycle:lifecycle-process:2.0.0] AndroidManifest.xml:23:9-27:43
49            android:name="androidx.lifecycle.ProcessLifecycleOwnerInitializer"
49-->[androidx.lifecycle:lifecycle-process:2.0.0] AndroidManifest.xml:24:13-79
50            android:authorities="com.generalmobile.app.odev.lifecycle-process"
50-->[androidx.lifecycle:lifecycle-process:2.0.0] AndroidManifest.xml:25:13-69
51            android:exported="false"
51-->[androidx.lifecycle:lifecycle-process:2.0.0] AndroidManifest.xml:26:13-37
52            android:multiprocess="true" />
52-->[androidx.lifecycle:lifecycle-process:2.0.0] AndroidManifest.xml:27:13-40
53    </application>
54
55</manifest>